<?xml version="1.0" encoding="UTF-8"?>
<!-- Generated by org.testng.reporters.JUnitReportReporter -->
<testsuite hostname="Tanmay-PC" failures="0" tests="1" name="testcases.VerifyContactPageWithRepots1" time="38.522" errors="0" timestamp="17 Aug 2018 12:39:43 GMT">
  <testcase classname="testcases.VerifyContactPageWithRepots1" name="testHomePage" time="38.522"/>
</testsuite> <!-- testcases.VerifyContactPageWithRepots1 -->
