<?xml version="1.0" encoding="UTF-8"?>
<!-- Generated by org.testng.reporters.JUnitReportReporter -->
<testsuite hostname="Tanmay-PC" failures="0" tests="1" name="testcases.VerifyContactPageWithRepots" time="30.102" errors="0" timestamp="17 Aug 2018 12:38:27 GMT">
  <testcase classname="testcases.VerifyContactPageWithRepots" name="testHomePage" time="30.102"/>
</testsuite> <!-- testcases.VerifyContactPageWithRepots -->
