<?xml version="1.0" encoding="UTF-8"?>
<!-- Generated by org.testng.reporters.JUnitReportReporter -->
<testsuite hostname="Tanmay-PC" failures="0" tests="1" name="testcases.VerifyContactPage" time="23.304" errors="0" timestamp="17 Aug 2018 12:36:17 GMT">
  <testcase classname="testcases.VerifyContactPage" name="testHomePage" time="23.304"/>
</testsuite> <!-- testcases.VerifyContactPage -->
