<?xml version="1.0" encoding="UTF-8"?>
<!-- Generated by org.testng.reporters.JUnitReportReporter -->
<testsuite hostname="Tanmay-PC" failures="0" tests="1" name="testcases.VerifyHomePage" time="25.808" errors="0" timestamp="17 Aug 2018 12:40:24 GMT">
  <testcase classname="testcases.VerifyHomePage" name="testHomePage" time="25.808"/>
</testsuite> <!-- testcases.VerifyHomePage -->
